This file contains any messages produced by compilers while
running configure, to aid debugging if configure makes a mistake.

It was created by linklayertool configure 0.1, which was
generated by GNU Autoconf 2.69.  Invocation command line was

  $ ./configure 

## --------- ##
## Platform. ##
## --------- ##

hostname = lenovo
uname -m = i686
uname -r = 3.2.0-52-generic-pae
uname -s = Linux
uname -v = #78-Ubuntu SMP Fri Jul 26 16:43:19 UTC 2013

/usr/bin/uname -p = unknown
/bin/uname -X     = unknown

/bin/arch              = unknown
/usr/bin/arch -k       = unknown
/usr/convex/getsysinfo = unknown
/usr/bin/hostinfo      = unknown
/bin/machine           = unknown
/usr/bin/oslevel       = unknown
/bin/universe          = unknown

PATH: /usr/local/sbin
PATH: /usr/local/bin
PATH: /usr/sbin
PATH: /usr/bin
PATH: /sbin
PATH: /bin


## ----------- ##
## Core tests. ##
## ----------- ##

configure:2345: checking for a BSD-compatible install
configure:2413: result: /usr/bin/install -c
configure:2424: checking whether build environment is sane
configure:2474: result: yes
configure:2615: checking for a thread-safe mkdir -p
configure:2654: result: /bin/mkdir -p
configure:2667: checking for gawk
configure:2697: result: no
configure:2667: checking for mawk
configure:2683: found /usr/bin/mawk
configure:2694: result: mawk
configure:2705: checking whether make sets $(MAKE)
configure:2727: result: yes
configure:2870: checking for g++
configure:2886: found /usr/bin/g++
configure:2897: result: g++
configure:2924: checking for C++ compiler version
configure:2933: g++ --version >&5
g++ (Ubuntu/Linaro 4.6.3-1ubuntu5) 4.6.3
Copyright (C) 2011 Free Software Foundation, Inc.
This is free software; see the source for copying conditions.  There is NO
warranty; not even for MERCHANTABILITY or FITNESS FOR A PARTICULAR PURPOSE.

configure:2944: $? = 0
configure:2933: g++ -v >&5
Using built-in specs.
COLLECT_GCC=g++
COLLECT_LTO_WRAPPER=/usr/lib/gcc/i686-linux-gnu/4.6/lto-wrapper
Target: i686-linux-gnu
Configured with: ../src/configure -v --with-pkgversion='Ubuntu/Linaro 4.6.3-1ubuntu5' --with-bugurl=file:///usr/share/doc/gcc-4.6/README.Bugs --enable-languages=c,c++,fortran,objc,obj-c++ --prefix=/usr --program-suffix=-4.6 --enable-shared --enable-linker-build-id --with-system-zlib --libexecdir=/usr/lib --without-included-gettext --enable-threads=posix --with-gxx-include-dir=/usr/include/c++/4.6 --libdir=/usr/lib --enable-nls --with-sysroot=/ --enable-clocale=gnu --enable-libstdcxx-debug --enable-libstdcxx-time=yes --enable-gnu-unique-object --enable-plugin --enable-objc-gc --enable-targets=all --disable-werror --with-arch-32=i686 --with-tune=generic --enable-checking=release --build=i686-linux-gnu --host=i686-linux-gnu --target=i686-linux-gnu
Thread model: posix
gcc version 4.6.3 (Ubuntu/Linaro 4.6.3-1ubuntu5) 
configure:2944: $? = 0
configure:2933: g++ -V >&5
g++: error: unrecognized option '-V'
g++: fatal error: no input files
compilation terminated.
configure:2944: $? = 4
configure:2933: g++ -qversion >&5
g++: error: unrecognized option '-qversion'
g++: fatal error: no input files
compilation terminated.
configure:2944: $? = 4
configure:2964: checking whether the C++ compiler works
configure:2986: g++    conftest.cpp  >&5
configure:2990: $? = 0
configure:3038: result: yes
configure:3041: checking for C++ compiler default output file name
configure:3043: result: a.out
configure:3049: checking for suffix of executables
configure:3056: g++ -o conftest    conftest.cpp  >&5
configure:3060: $? = 0
configure:3082: result: 
configure:3104: checking whether we are cross compiling
configure:3112: g++ -o conftest    conftest.cpp  >&5
configure:3116: $? = 0
configure:3123: ./conftest
configure:3127: $? = 0
configure:3142: result: no
configure:3147: checking for suffix of object files
configure:3169: g++ -c   conftest.cpp >&5
configure:3173: $? = 0
configure:3194: result: o
configure:3198: checking whether we are using the GNU C++ compiler
configure:3217: g++ -c   conftest.cpp >&5
configure:3217: $? = 0
configure:3226: result: yes
configure:3235: checking whether g++ accepts -g
configure:3255: g++ -c -g  conftest.cpp >&5
configure:3255: $? = 0
configure:3296: result: yes
configure:3330: checking for style of include used by make
configure:3358: result: GNU
configure:3384: checking dependency style of g++
configure:3495: result: gcc3
configure:3514: checking for gawk
configure:3541: result: mawk
configure:3600: checking for gcc
configure:3616: found /usr/bin/gcc
configure:3627: result: gcc
configure:3856: checking for C compiler version
configure:3865: gcc --version >&5
gcc (Ubuntu/Linaro 4.6.3-1ubuntu5) 4.6.3
Copyright (C) 2011 Free Software Foundation, Inc.
This is free software; see the source for copying conditions.  There is NO
warranty; not even for MERCHANTABILITY or FITNESS FOR A PARTICULAR PURPOSE.

configure:3876: $? = 0
configure:3865: gcc -v >&5
Using built-in specs.
COLLECT_GCC=gcc
COLLECT_LTO_WRAPPER=/usr/lib/gcc/i686-linux-gnu/4.6/lto-wrapper
Target: i686-linux-gnu
Configured with: ../src/configure -v --with-pkgversion='Ubuntu/Linaro 4.6.3-1ubuntu5' --with-bugurl=file:///usr/share/doc/gcc-4.6/README.Bugs --enable-languages=c,c++,fortran,objc,obj-c++ --prefix=/usr --program-suffix=-4.6 --enable-shared --enable-linker-build-id --with-system-zlib --libexecdir=/usr/lib --without-included-gettext --enable-threads=posix --with-gxx-include-dir=/usr/include/c++/4.6 --libdir=/usr/lib --enable-nls --with-sysroot=/ --enable-clocale=gnu --enable-libstdcxx-debug --enable-libstdcxx-time=yes --enable-gnu-unique-object --enable-plugin --enable-objc-gc --enable-targets=all --disable-werror --with-arch-32=i686 --with-tune=generic --enable-checking=release --build=i686-linux-gnu --host=i686-linux-gnu --target=i686-linux-gnu
Thread model: posix
gcc version 4.6.3 (Ubuntu/Linaro 4.6.3-1ubuntu5) 
configure:3876: $? = 0
configure:3865: gcc -V >&5
gcc: error: unrecognized option '-V'
gcc: fatal error: no input files
compilation terminated.
configure:3876: $? = 4
configure:3865: gcc -qversion >&5
gcc: error: unrecognized option '-qversion'
gcc: fatal error: no input files
compilation terminated.
configure:3876: $? = 4
configure:3880: checking whether we are using the GNU C compiler
configure:3899: gcc -c   conftest.c >&5
configure:3899: $? = 0
configure:3908: result: yes
configure:3917: checking whether gcc accepts -g
configure:3937: gcc -c -g  conftest.c >&5
configure:3937: $? = 0
configure:3978: result: yes
configure:3995: checking for gcc option to accept ISO C89
configure:4058: gcc  -c -g -O2  conftest.c >&5
configure:4058: $? = 0
configure:4071: result: none needed
configure:4093: checking dependency style of gcc
configure:4204: result: gcc3
configure:4223: checking for doxygen
configure:4253: result: no
configure:4262: WARNING: Doxygen not found - continuing without Doxygen support
configure:4283: checking how to run the C preprocessor
configure:4314: gcc -E  conftest.c
configure:4314: $? = 0
configure:4328: gcc -E  conftest.c
conftest.c:11:28: fatal error: ac_nonexistent.h: No such file or directory
compilation terminated.
configure:4328: $? = 1
configure: failed program was:
| /* confdefs.h */
| #define PACKAGE_NAME "linklayertool"
| #define PACKAGE_TARNAME "linklayertool"
| #define PACKAGE_VERSION "0.1"
| #define PACKAGE_STRING "linklayertool 0.1"
| #define PACKAGE_BUGREPORT "rtpardavila@gmail.com"
| #define PACKAGE_URL ""
| #define PACKAGE "linklayertool"
| #define VERSION "0.1"
| /* end confdefs.h.  */
| #include <ac_nonexistent.h>
configure:4353: result: gcc -E
configure:4373: gcc -E  conftest.c
configure:4373: $? = 0
configure:4387: gcc -E  conftest.c
conftest.c:11:28: fatal error: ac_nonexistent.h: No such file or directory
compilation terminated.
configure:4387: $? = 1
configure: failed program was:
| /* confdefs.h */
| #define PACKAGE_NAME "linklayertool"
| #define PACKAGE_TARNAME "linklayertool"
| #define PACKAGE_VERSION "0.1"
| #define PACKAGE_STRING "linklayertool 0.1"
| #define PACKAGE_BUGREPORT "rtpardavila@gmail.com"
| #define PACKAGE_URL ""
| #define PACKAGE "linklayertool"
| #define VERSION "0.1"
| /* end confdefs.h.  */
| #include <ac_nonexistent.h>
configure:4416: checking whether ln -s works
configure:4420: result: yes
configure:4427: checking whether make sets $(MAKE)
configure:4449: result: yes
configure:4501: checking for ranlib
configure:4517: found /usr/bin/ranlib
configure:4528: result: ranlib
configure:4555: checking for main in -lev
configure:4574: gcc -o conftest -g -O2   conftest.c -lev   >&5
configure:4574: $? = 0
configure:4583: result: yes
configure:4597: checking for grep that handles long lines and -e
configure:4655: result: /bin/grep
configure:4660: checking for egrep
configure:4722: result: /bin/grep -E
configure:4727: checking for ANSI C header files
configure:4747: gcc -c -g -O2  conftest.c >&5
configure:4747: $? = 0
configure:4820: gcc -o conftest -g -O2   conftest.c -lev  >&5
configure:4820: $? = 0
configure:4820: ./conftest
configure:4820: $? = 0
configure:4831: result: yes
configure:4844: checking for sys/types.h
configure:4844: gcc -c -g -O2  conftest.c >&5
configure:4844: $? = 0
configure:4844: result: yes
configure:4844: checking for sys/stat.h
configure:4844: gcc -c -g -O2  conftest.c >&5
configure:4844: $? = 0
configure:4844: result: yes
configure:4844: checking for stdlib.h
configure:4844: gcc -c -g -O2  conftest.c >&5
configure:4844: $? = 0
configure:4844: result: yes
configure:4844: checking for string.h
configure:4844: gcc -c -g -O2  conftest.c >&5
configure:4844: $? = 0
configure:4844: result: yes
configure:4844: checking for memory.h
configure:4844: gcc -c -g -O2  conftest.c >&5
configure:4844: $? = 0
configure:4844: result: yes
configure:4844: checking for strings.h
configure:4844: gcc -c -g -O2  conftest.c >&5
configure:4844: $? = 0
configure:4844: result: yes
configure:4844: checking for inttypes.h
configure:4844: gcc -c -g -O2  conftest.c >&5
configure:4844: $? = 0
configure:4844: result: yes
configure:4844: checking for stdint.h
configure:4844: gcc -c -g -O2  conftest.c >&5
configure:4844: $? = 0
configure:4844: result: yes
configure:4844: checking for unistd.h
configure:4844: gcc -c -g -O2  conftest.c >&5
configure:4844: $? = 0
configure:4844: result: yes
configure:4859: checking arpa/inet.h usability
configure:4859: gcc -c -g -O2  conftest.c >&5
configure:4859: $? = 0
configure:4859: result: yes
configure:4859: checking arpa/inet.h presence
configure:4859: gcc -E  conftest.c
configure:4859: $? = 0
configure:4859: result: yes
configure:4859: checking for arpa/inet.h
configure:4859: result: yes
configure:4859: checking fcntl.h usability
configure:4859: gcc -c -g -O2  conftest.c >&5
configure:4859: $? = 0
configure:4859: result: yes
configure:4859: checking fcntl.h presence
configure:4859: gcc -E  conftest.c
configure:4859: $? = 0
configure:4859: result: yes
configure:4859: checking for fcntl.h
configure:4859: result: yes
configure:4859: checking for inttypes.h
configure:4859: result: yes
configure:4859: checking netinet/in.h usability
configure:4859: gcc -c -g -O2  conftest.c >&5
configure:4859: $? = 0
configure:4859: result: yes
configure:4859: checking netinet/in.h presence
configure:4859: gcc -E  conftest.c
configure:4859: $? = 0
configure:4859: result: yes
configure:4859: checking for netinet/in.h
configure:4859: result: yes
configure:4859: checking stddef.h usability
configure:4859: gcc -c -g -O2  conftest.c >&5
configure:4859: $? = 0
configure:4859: result: yes
configure:4859: checking stddef.h presence
configure:4859: gcc -E  conftest.c
configure:4859: $? = 0
configure:4859: result: yes
configure:4859: checking for stddef.h
configure:4859: result: yes
configure:4859: checking for stdint.h
configure:4859: result: yes
configure:4859: checking for stdlib.h
configure:4859: result: yes
configure:4859: checking for string.h
configure:4859: result: yes
configure:4859: checking sys/ioctl.h usability
configure:4859: gcc -c -g -O2  conftest.c >&5
configure:4859: $? = 0
configure:4859: result: yes
configure:4859: checking sys/ioctl.h presence
configure:4859: gcc -E  conftest.c
configure:4859: $? = 0
configure:4859: result: yes
configure:4859: checking for sys/ioctl.h
configure:4859: result: yes
configure:4859: checking sys/socket.h usability
configure:4859: gcc -c -g -O2  conftest.c >&5
configure:4859: $? = 0
configure:4859: result: yes
configure:4859: checking sys/socket.h presence
configure:4859: gcc -E  conftest.c
configure:4859: $? = 0
configure:4859: result: yes
configure:4859: checking for sys/socket.h
configure:4859: result: yes
configure:4859: checking sys/time.h usability
configure:4859: gcc -c -g -O2  conftest.c >&5
configure:4859: $? = 0
configure:4859: result: yes
configure:4859: checking sys/time.h presence
configure:4859: gcc -E  conftest.c
configure:4859: $? = 0
configure:4859: result: yes
configure:4859: checking for sys/time.h
configure:4859: result: yes
configure:4859: checking for unistd.h
configure:4859: result: yes
configure:4871: checking for stdbool.h that conforms to C99
configure:4938: gcc -c -g -O2  conftest.c >&5
configure:4938: $? = 0
configure:4945: result: yes
configure:4947: checking for _Bool
configure:4947: gcc -c -g -O2  conftest.c >&5
configure:4947: $? = 0
configure:4947: gcc -c -g -O2  conftest.c >&5
conftest.c: In function 'main':
conftest.c:70:20: error: expected expression before ')' token
configure:4947: $? = 1
configure: failed program was:
| /* confdefs.h */
| #define PACKAGE_NAME "linklayertool"
| #define PACKAGE_TARNAME "linklayertool"
| #define PACKAGE_VERSION "0.1"
| #define PACKAGE_STRING "linklayertool 0.1"
| #define PACKAGE_BUGREPORT "rtpardavila@gmail.com"
| #define PACKAGE_URL ""
| #define PACKAGE "linklayertool"
| #define VERSION "0.1"
| #define HAVE_LIBEV 1
| #define STDC_HEADERS 1
| #define HAVE_SYS_TYPES_H 1
| #define HAVE_SYS_STAT_H 1
| #define HAVE_STDLIB_H 1
| #define HAVE_STRING_H 1
| #define HAVE_MEMORY_H 1
| #define HAVE_STRINGS_H 1
| #define HAVE_INTTYPES_H 1
| #define HAVE_STDINT_H 1
| #define HAVE_UNISTD_H 1
| #define HAVE_ARPA_INET_H 1
| #define HAVE_FCNTL_H 1
| #define HAVE_INTTYPES_H 1
| #define HAVE_NETINET_IN_H 1
| #define HAVE_STDDEF_H 1
| #define HAVE_STDINT_H 1
| #define HAVE_STDLIB_H 1
| #define HAVE_STRING_H 1
| #define HAVE_SYS_IOCTL_H 1
| #define HAVE_SYS_SOCKET_H 1
| #define HAVE_SYS_TIME_H 1
| #define HAVE_UNISTD_H 1
| /* end confdefs.h.  */
| #include <stdio.h>
| #ifdef HAVE_SYS_TYPES_H
| # include <sys/types.h>
| #endif
| #ifdef HAVE_SYS_STAT_H
| # include <sys/stat.h>
| #endif
| #ifdef STDC_HEADERS
| # include <stdlib.h>
| # include <stddef.h>
| #else
| # ifdef HAVE_STDLIB_H
| #  include <stdlib.h>
| # endif
| #endif
| #ifdef HAVE_STRING_H
| # if !defined STDC_HEADERS && defined HAVE_MEMORY_H
| #  include <memory.h>
| # endif
| # include <string.h>
| #endif
| #ifdef HAVE_STRINGS_H
| # include <strings.h>
| #endif
| #ifdef HAVE_INTTYPES_H
| # include <inttypes.h>
| #endif
| #ifdef HAVE_STDINT_H
| # include <stdint.h>
| #endif
| #ifdef HAVE_UNISTD_H
| # include <unistd.h>
| #endif
| int
| main ()
| {
| if (sizeof ((_Bool)))
| 	    return 0;
|   ;
|   return 0;
| }
configure:4947: result: yes
configure:4958: checking for inline
configure:4974: gcc -c -g -O2  conftest.c >&5
configure:4974: $? = 0
configure:4982: result: inline
configure:5000: checking for size_t
configure:5000: gcc -c -g -O2  conftest.c >&5
configure:5000: $? = 0
configure:5000: gcc -c -g -O2  conftest.c >&5
conftest.c: In function 'main':
conftest.c:71:21: error: expected expression before ')' token
configure:5000: $? = 1
configure: failed program was:
| /* confdefs.h */
| #define PACKAGE_NAME "linklayertool"
| #define PACKAGE_TARNAME "linklayertool"
| #define PACKAGE_VERSION "0.1"
| #define PACKAGE_STRING "linklayertool 0.1"
| #define PACKAGE_BUGREPORT "rtpardavila@gmail.com"
| #define PACKAGE_URL ""
| #define PACKAGE "linklayertool"
| #define VERSION "0.1"
| #define HAVE_LIBEV 1
| #define STDC_HEADERS 1
| #define HAVE_SYS_TYPES_H 1
| #define HAVE_SYS_STAT_H 1
| #define HAVE_STDLIB_H 1
| #define HAVE_STRING_H 1
| #define HAVE_MEMORY_H 1
| #define HAVE_STRINGS_H 1
| #define HAVE_INTTYPES_H 1
| #define HAVE_STDINT_H 1
| #define HAVE_UNISTD_H 1
| #define HAVE_ARPA_INET_H 1
| #define HAVE_FCNTL_H 1
| #define HAVE_INTTYPES_H 1
| #define HAVE_NETINET_IN_H 1
| #define HAVE_STDDEF_H 1
| #define HAVE_STDINT_H 1
| #define HAVE_STDLIB_H 1
| #define HAVE_STRING_H 1
| #define HAVE_SYS_IOCTL_H 1
| #define HAVE_SYS_SOCKET_H 1
| #define HAVE_SYS_TIME_H 1
| #define HAVE_UNISTD_H 1
| #define HAVE__BOOL 1
| /* end confdefs.h.  */
| #include <stdio.h>
| #ifdef HAVE_SYS_TYPES_H
| # include <sys/types.h>
| #endif
| #ifdef HAVE_SYS_STAT_H
| # include <sys/stat.h>
| #endif
| #ifdef STDC_HEADERS
| # include <stdlib.h>
| # include <stddef.h>
| #else
| # ifdef HAVE_STDLIB_H
| #  include <stdlib.h>
| # endif
| #endif
| #ifdef HAVE_STRING_H
| # if !defined STDC_HEADERS && defined HAVE_MEMORY_H
| #  include <memory.h>
| # endif
| # include <string.h>
| #endif
| #ifdef HAVE_STRINGS_H
| # include <strings.h>
| #endif
| #ifdef HAVE_INTTYPES_H
| # include <inttypes.h>
| #endif
| #ifdef HAVE_STDINT_H
| # include <stdint.h>
| #endif
| #ifdef HAVE_UNISTD_H
| # include <unistd.h>
| #endif
| int
| main ()
| {
| if (sizeof ((size_t)))
| 	    return 0;
|   ;
|   return 0;
| }
configure:5000: result: yes
configure:5011: checking for ssize_t
configure:5011: gcc -c -g -O2  conftest.c >&5
configure:5011: $? = 0
configure:5011: gcc -c -g -O2  conftest.c >&5
conftest.c: In function 'main':
conftest.c:71:22: error: expected expression before ')' token
configure:5011: $? = 1
configure: failed program was:
| /* confdefs.h */
| #define PACKAGE_NAME "linklayertool"
| #define PACKAGE_TARNAME "linklayertool"
| #define PACKAGE_VERSION "0.1"
| #define PACKAGE_STRING "linklayertool 0.1"
| #define PACKAGE_BUGREPORT "rtpardavila@gmail.com"
| #define PACKAGE_URL ""
| #define PACKAGE "linklayertool"
| #define VERSION "0.1"
| #define HAVE_LIBEV 1
| #define STDC_HEADERS 1
| #define HAVE_SYS_TYPES_H 1
| #define HAVE_SYS_STAT_H 1
| #define HAVE_STDLIB_H 1
| #define HAVE_STRING_H 1
| #define HAVE_MEMORY_H 1
| #define HAVE_STRINGS_H 1
| #define HAVE_INTTYPES_H 1
| #define HAVE_STDINT_H 1
| #define HAVE_UNISTD_H 1
| #define HAVE_ARPA_INET_H 1
| #define HAVE_FCNTL_H 1
| #define HAVE_INTTYPES_H 1
| #define HAVE_NETINET_IN_H 1
| #define HAVE_STDDEF_H 1
| #define HAVE_STDINT_H 1
| #define HAVE_STDLIB_H 1
| #define HAVE_STRING_H 1
| #define HAVE_SYS_IOCTL_H 1
| #define HAVE_SYS_SOCKET_H 1
| #define HAVE_SYS_TIME_H 1
| #define HAVE_UNISTD_H 1
| #define HAVE__BOOL 1
| /* end confdefs.h.  */
| #include <stdio.h>
| #ifdef HAVE_SYS_TYPES_H
| # include <sys/types.h>
| #endif
| #ifdef HAVE_SYS_STAT_H
| # include <sys/stat.h>
| #endif
| #ifdef STDC_HEADERS
| # include <stdlib.h>
| # include <stddef.h>
| #else
| # ifdef HAVE_STDLIB_H
| #  include <stdlib.h>
| # endif
| #endif
| #ifdef HAVE_STRING_H
| # if !defined STDC_HEADERS && defined HAVE_MEMORY_H
| #  include <memory.h>
| # endif
| # include <string.h>
| #endif
| #ifdef HAVE_STRINGS_H
| # include <strings.h>
| #endif
| #ifdef HAVE_INTTYPES_H
| # include <inttypes.h>
| #endif
| #ifdef HAVE_STDINT_H
| # include <stdint.h>
| #endif
| #ifdef HAVE_UNISTD_H
| # include <unistd.h>
| #endif
| int
| main ()
| {
| if (sizeof ((ssize_t)))
| 	    return 0;
|   ;
|   return 0;
| }
configure:5011: result: yes
configure:5022: checking for uint16_t
configure:5022: gcc -c -g -O2  conftest.c >&5
configure:5022: $? = 0
configure:5022: result: yes
configure:5034: checking for uint32_t
configure:5034: gcc -c -g -O2  conftest.c >&5
configure:5034: $? = 0
configure:5034: result: yes
configure:5048: checking for uint64_t
configure:5048: gcc -c -g -O2  conftest.c >&5
configure:5048: $? = 0
configure:5048: result: yes
configure:5062: checking for uint8_t
configure:5062: gcc -c -g -O2  conftest.c >&5
configure:5062: $? = 0
configure:5062: result: yes
configure:5080: checking for stdlib.h
configure:5080: result: yes
configure:5090: checking for GNU libc compatible malloc
configure:5114: gcc -o conftest -g -O2   conftest.c -lev  >&5
configure:5114: $? = 0
configure:5114: ./conftest
configure:5114: $? = 0
configure:5124: result: yes
configure:5151: checking for stdlib.h
configure:5151: result: yes
configure:5151: checking for unistd.h
configure:5151: result: yes
configure:5151: checking for sys/param.h
configure:5151: gcc -c -g -O2  conftest.c >&5
configure:5151: $? = 0
configure:5151: result: yes
configure:5171: checking for getpagesize
configure:5171: gcc -o conftest -g -O2   conftest.c -lev  >&5
configure:5171: $? = 0
configure:5171: result: yes
configure:5180: checking for working mmap
configure:5327: gcc -o conftest -g -O2   conftest.c -lev  >&5
configure:5327: $? = 0
configure:5327: ./conftest
configure:5327: $? = 0
configure:5337: result: yes
configure:5349: checking for getpagesize
configure:5349: result: yes
configure:5349: checking for gettimeofday
configure:5349: gcc -o conftest -g -O2   conftest.c -lev  >&5
configure:5349: $? = 0
configure:5349: result: yes
configure:5349: checking for memset
configure:5349: gcc -o conftest -g -O2   conftest.c -lev  >&5
conftest.c:67:6: warning: conflicting types for built-in function 'memset' [enabled by default]
configure:5349: $? = 0
configure:5349: result: yes
configure:5349: checking for munmap
configure:5349: gcc -o conftest -g -O2   conftest.c -lev  >&5
configure:5349: $? = 0
configure:5349: result: yes
configure:5349: checking for select
configure:5349: gcc -o conftest -g -O2   conftest.c -lev  >&5
configure:5349: $? = 0
configure:5349: result: yes
configure:5349: checking for socket
configure:5349: gcc -o conftest -g -O2   conftest.c -lev  >&5
configure:5349: $? = 0
configure:5349: result: yes
configure:5349: checking for strtol
configure:5349: gcc -o conftest -g -O2   conftest.c -lev  >&5
configure:5349: $? = 0
configure:5349: result: yes
configure:5349: checking for strtoul
configure:5349: gcc -o conftest -g -O2   conftest.c -lev  >&5
configure:5349: $? = 0
configure:5349: result: yes
configure:5499: creating ./config.status

## ---------------------- ##
## Running config.status. ##
## ---------------------- ##

This file was extended by linklayertool config.status 0.1, which was
generated by GNU Autoconf 2.69.  Invocation command line was

  CONFIG_FILES    = 
  CONFIG_HEADERS  = 
  CONFIG_LINKS    = 
  CONFIG_COMMANDS = 
  $ ./config.status 

on lenovo

config.status:892: creating Makefile
config.status:892: creating docs/Makefile
config.status:892: creating scripts/Makefile
config.status:892: creating src/Makefile
config.status:892: creating config.h
config.status:1073: config.h is unchanged
config.status:1121: executing depfiles commands

## ---------------- ##
## Cache variables. ##
## ---------------- ##

ac_cv_c_compiler_gnu=yes
ac_cv_c_inline=inline
ac_cv_c_uint16_t=yes
ac_cv_c_uint32_t=yes
ac_cv_c_uint64_t=yes
ac_cv_c_uint8_t=yes
ac_cv_cxx_compiler_gnu=yes
ac_cv_env_CCC_set=
ac_cv_env_CCC_value=
ac_cv_env_CC_set=
ac_cv_env_CC_value=
ac_cv_env_CFLAGS_set=
ac_cv_env_CFLAGS_value=
ac_cv_env_CPPFLAGS_set=
ac_cv_env_CPPFLAGS_value=
ac_cv_env_CPP_set=
ac_cv_env_CPP_value=
ac_cv_env_CXXFLAGS_set=
ac_cv_env_CXXFLAGS_value=
ac_cv_env_CXX_set=
ac_cv_env_CXX_value=
ac_cv_env_LDFLAGS_set=
ac_cv_env_LDFLAGS_value=
ac_cv_env_LIBS_set=
ac_cv_env_LIBS_value=
ac_cv_env_build_alias_set=
ac_cv_env_build_alias_value=
ac_cv_env_host_alias_set=
ac_cv_env_host_alias_value=
ac_cv_env_target_alias_set=
ac_cv_env_target_alias_value=
ac_cv_func_getpagesize=yes
ac_cv_func_gettimeofday=yes
ac_cv_func_malloc_0_nonnull=yes
ac_cv_func_memset=yes
ac_cv_func_mmap_fixed_mapped=yes
ac_cv_func_munmap=yes
ac_cv_func_select=yes
ac_cv_func_socket=yes
ac_cv_func_strtol=yes
ac_cv_func_strtoul=yes
ac_cv_header_arpa_inet_h=yes
ac_cv_header_fcntl_h=yes
ac_cv_header_inttypes_h=yes
ac_cv_header_memory_h=yes
ac_cv_header_netinet_in_h=yes
ac_cv_header_stdbool_h=yes
ac_cv_header_stdc=yes
ac_cv_header_stddef_h=yes
ac_cv_header_stdint_h=yes
ac_cv_header_stdlib_h=yes
ac_cv_header_string_h=yes
ac_cv_header_strings_h=yes
ac_cv_header_sys_ioctl_h=yes
ac_cv_header_sys_param_h=yes
ac_cv_header_sys_socket_h=yes
ac_cv_header_sys_stat_h=yes
ac_cv_header_sys_time_h=yes
ac_cv_header_sys_types_h=yes
ac_cv_header_unistd_h=yes
ac_cv_lib_ev_main=yes
ac_cv_objext=o
ac_cv_path_EGREP='/bin/grep -E'
ac_cv_path_GREP=/bin/grep
ac_cv_path_install='/usr/bin/install -c'
ac_cv_path_mkdir=/bin/mkdir
ac_cv_prog_AWK=mawk
ac_cv_prog_CPP='gcc -E'
ac_cv_prog_ac_ct_CC=gcc
ac_cv_prog_ac_ct_CXX=g++
ac_cv_prog_ac_ct_RANLIB=ranlib
ac_cv_prog_cc_c89=
ac_cv_prog_cc_g=yes
ac_cv_prog_cxx_g=yes
ac_cv_prog_make_make_set=yes
ac_cv_type__Bool=yes
ac_cv_type_size_t=yes
ac_cv_type_ssize_t=yes
am_cv_CC_dependencies_compiler_type=gcc3
am_cv_CXX_dependencies_compiler_type=gcc3

## ----------------- ##
## Output variables. ##
## ----------------- ##

ACLOCAL='${SHELL} /home/pc/git/rawsockets/missing --run aclocal-1.11'
AMDEPBACKSLASH='\'
AMDEP_FALSE='#'
AMDEP_TRUE=''
AMTAR='$${TAR-tar}'
AUTOCONF='${SHELL} /home/pc/git/rawsockets/missing --run autoconf'
AUTOHEADER='${SHELL} /home/pc/git/rawsockets/missing --run autoheader'
AUTOMAKE='${SHELL} /home/pc/git/rawsockets/missing --run automake-1.11'
AWK='mawk'
CC='gcc'
CCDEPMODE='depmode=gcc3'
CFLAGS='-g -O2'
CPP='gcc -E'
CPPFLAGS=''
CXX='g++'
CXXDEPMODE='depmode=gcc3'
CXXFLAGS='-g -O2'
CYGPATH_W='echo'
DEFS='-DHAVE_CONFIG_H'
DEPDIR='.deps'
DOXYGEN=''
ECHO_C=''
ECHO_N='-n'
ECHO_T=''
EGREP='/bin/grep -E'
EXEEXT=''
GREP='/bin/grep'
HAVE_DOXYGEN_FALSE=''
HAVE_DOXYGEN_TRUE='#'
INSTALL_DATA='${INSTALL} -m 644'
INSTALL_PROGRAM='${INSTALL}'
INSTALL_SCRIPT='${INSTALL}'
INSTALL_STRIP_PROGRAM='$(install_sh) -c -s'
LDFLAGS=''
LIBOBJS=''
LIBS='-lev '
LN_S='ln -s'
LTLIBOBJS=''
MAKEINFO='${SHELL} /home/pc/git/rawsockets/missing --run makeinfo'
MKDIR_P='/bin/mkdir -p'
OBJEXT='o'
PACKAGE='linklayertool'
PACKAGE_BUGREPORT='rtpardavila@gmail.com'
PACKAGE_NAME='linklayertool'
PACKAGE_STRING='linklayertool 0.1'
PACKAGE_TARNAME='linklayertool'
PACKAGE_URL=''
PACKAGE_VERSION='0.1'
PATH_SEPARATOR=':'
RANLIB='ranlib'
SET_MAKE=''
SHELL='/bin/bash'
STRIP=''
VERSION='0.1'
ac_ct_CC='gcc'
ac_ct_CXX='g++'
am__EXEEXT_FALSE=''
am__EXEEXT_TRUE='#'
am__fastdepCC_FALSE='#'
am__fastdepCC_TRUE=''
am__fastdepCXX_FALSE='#'
am__fastdepCXX_TRUE=''
am__include='include'
am__isrc=''
am__leading_dot='.'
am__nodep='_no'
am__quote=''
am__tar='$${TAR-tar} chof - "$$tardir"'
am__untar='$${TAR-tar} xf -'
bindir='${exec_prefix}/bin'
build_alias=''
datadir='${datarootdir}'
datarootdir='${prefix}/share'
docdir='${datarootdir}/doc/${PACKAGE_TARNAME}'
dvidir='${docdir}'
exec_prefix='${prefix}'
host_alias=''
htmldir='${docdir}'
includedir='${prefix}/include'
infodir='${datarootdir}/info'
install_sh='${SHELL} /home/pc/git/rawsockets/install-sh'
libdir='${exec_prefix}/lib'
libexecdir='${exec_prefix}/libexec'
localedir='${datarootdir}/locale'
localstatedir='${prefix}/var'
mandir='${datarootdir}/man'
mkdir_p='/bin/mkdir -p'
oldincludedir='/usr/include'
pdfdir='${docdir}'
prefix='/usr/local'
program_transform_name='s,x,x,'
psdir='${docdir}'
sbindir='${exec_prefix}/sbin'
sharedstatedir='${prefix}/com'
sysconfdir='${prefix}/etc'
target_alias=''

## ----------- ##
## confdefs.h. ##
## ----------- ##

/* confdefs.h */
#define PACKAGE_NAME "linklayertool"
#define PACKAGE_TARNAME "linklayertool"
#define PACKAGE_VERSION "0.1"
#define PACKAGE_STRING "linklayertool 0.1"
#define PACKAGE_BUGREPORT "rtpardavila@gmail.com"
#define PACKAGE_URL ""
#define PACKAGE "linklayertool"
#define VERSION "0.1"
#define HAVE_LIBEV 1
#define STDC_HEADERS 1
#define HAVE_SYS_TYPES_H 1
#define HAVE_SYS_STAT_H 1
#define HAVE_STDLIB_H 1
#define HAVE_STRING_H 1
#define HAVE_MEMORY_H 1
#define HAVE_STRINGS_H 1
#define HAVE_INTTYPES_H 1
#define HAVE_STDINT_H 1
#define HAVE_UNISTD_H 1
#define HAVE_ARPA_INET_H 1
#define HAVE_FCNTL_H 1
#define HAVE_INTTYPES_H 1
#define HAVE_NETINET_IN_H 1
#define HAVE_STDDEF_H 1
#define HAVE_STDINT_H 1
#define HAVE_STDLIB_H 1
#define HAVE_STRING_H 1
#define HAVE_SYS_IOCTL_H 1
#define HAVE_SYS_SOCKET_H 1
#define HAVE_SYS_TIME_H 1
#define HAVE_UNISTD_H 1
#define HAVE__BOOL 1
#define HAVE_STDLIB_H 1
#define HAVE_MALLOC 1
#define HAVE_STDLIB_H 1
#define HAVE_UNISTD_H 1
#define HAVE_SYS_PARAM_H 1
#define HAVE_GETPAGESIZE 1
#define HAVE_MMAP 1
#define HAVE_GETPAGESIZE 1
#define HAVE_GETTIMEOFDAY 1
#define HAVE_MEMSET 1
#define HAVE_MUNMAP 1
#define HAVE_SELECT 1
#define HAVE_SOCKET 1
#define HAVE_STRTOL 1
#define HAVE_STRTOUL 1

configure: exit 0

## ---------------------- ##
## Running config.status. ##
## ---------------------- ##

This file was extended by linklayertool config.status 0.1, which was
generated by GNU Autoconf 2.69.  Invocation command line was

  CONFIG_FILES    = 
  CONFIG_HEADERS  = 
  CONFIG_LINKS    = 
  CONFIG_COMMANDS = 
  $ ./config.status Makefile

on lenovo

config.status:892: creating Makefile

## ---------------------- ##
## Running config.status. ##
## ---------------------- ##

This file was extended by linklayertool config.status 0.1, which was
generated by GNU Autoconf 2.69.  Invocation command line was

  CONFIG_FILES    = 
  CONFIG_HEADERS  = 
  CONFIG_LINKS    = 
  CONFIG_COMMANDS = 
  $ ./config.status config.h

on lenovo

config.status:892: creating config.h
config.status:1073: config.h is unchanged

## ---------------------- ##
## Running config.status. ##
## ---------------------- ##

This file was extended by linklayertool config.status 0.1, which was
generated by GNU Autoconf 2.69.  Invocation command line was

  CONFIG_FILES    = 
  CONFIG_HEADERS  = 
  CONFIG_LINKS    = 
  CONFIG_COMMANDS = 
  $ ./config.status src/Makefile depfiles

on lenovo

config.status:892: creating src/Makefile
config.status:1121: executing depfiles commands

## ---------------------- ##
## Running config.status. ##
## ---------------------- ##

This file was extended by linklayertool config.status 0.1, which was
generated by GNU Autoconf 2.69.  Invocation command line was

  CONFIG_FILES    = 
  CONFIG_HEADERS  = 
  CONFIG_LINKS    = 
  CONFIG_COMMANDS = 
  $ ./config.status scripts/Makefile

on lenovo

config.status:892: creating scripts/Makefile
